1032
!f	0	2
g	0	2
!h	0	2
!i	0	2
!j	0	2
!k	0	2
!l	0	2
!m	0	2
f	2	3
g	2	3
!h	2	3
!i	2	3
!j	2	3
!k	2	3
!l	2	3
!m	2	3
!f	3	4
!g	3	4
!h	3	4
i	3	4
!j	3	4
!k	3	4
!l	3	4
!m	3	4
f	4	5
!g	4	5
!h	4	5
i	4	5
!j	4	5
!k	4	5
!l	4	5
!m	4	5
f	5	6
g	5	6
h	5	6
i	5	6
!j	5	6
!k	5	6
!l	5	6
!m	5	6
f	6	7
!g	6	7
!h	6	7
!i	6	7
j	6	7
!k	6	7
!l	6	7
!m	6	7
!f	7	8
g	7	8
!h	7	8
!i	7	8
j	7	8
!k	7	8
!l	7	8
!m	7	8
f	8	9
g	8	9
!h	8	9
!i	8	9
j	8	9
!k	8	9
!l	8	9
!m	8	9
!f	9	10
g	9	10
h	9	10
!i	9	10
j	9	10
!k	9	10
!l	9	10
!m	9	10
!f	10	11
g	10	11
!h	10	11
i	10	11
j	10	11
!k	10	11
!l	10	11
!m	10	11
f	11	12
g	11	12
!h	11	12
i	11	12
j	11	12
!k	11	12
!l	11	12
!m	11	12
!f	12	13
g	12	13
h	12	13
i	12	13
j	12	13
!k	12	13
!l	12	13
!m	12	13
f	13	14
!g	13	14
!h	13	14
!i	13	14
!j	13	14
k	13	14
!l	13	14
!m	13	14
!f	14	15
g	14	15
!h	14	15
!i	14	15
!j	14	15
k	14	15
!l	14	15
!m	14	15
f	15	16
g	15	16
!h	15	16
!i	15	16
!j	15	16
k	15	16
!l	15	16
!m	15	16
!f	16	17
!g	16	17
h	16	17
!i	16	17
!j	16	17
k	16	17
!l	16	17
!m	16	17
f	17	18
g	17	18
h	17	18
!i	17	18
!j	17	18
k	17	18
!l	17	18
!m	17	18
f	18	19
!g	18	19
!h	18	19
i	18	19
!j	18	19
k	18	19
!l	18	19
!m	18	19
!f	19	20
!g	19	20
h	19	20
i	19	20
!j	19	20
k	19	20
!l	19	20
!m	19	20
!f	20	21
g	20	21
h	20	21
i	20	21
!j	20	21
k	20	21
!l	20	21
!m	20	21
f	21	22
g	21	22
h	21	22
i	21	22
!j	21	22
k	21	22
!l	21	22
!m	21	22
!f	22	23
!g	22	23
!h	22	23
!i	22	23
j	22	23
k	22	23
!l	22	23
!m	22	23
f	23	24
!g	23	24
!h	23	24
!i	23	24
j	23	24
k	23	24
!l	23	24
!m	23	24
f	24	25
g	24	25
!h	24	25
!i	24	25
j	24	25
k	24	25
!l	24	25
!m	24	25
f	25	26
g	25	26
h	25	26
!i	25	26
j	25	26
k	25	26
!l	25	26
!m	25	26
f	26	27
!g	26	27
!h	26	27
i	26	27
j	26	27
k	26	27
!l	26	27
!m	26	27
!f	27	28
g	27	28
!h	27	28
i	27	28
j	27	28
k	27	28
!l	27	28
!m	27	28
f	28	29
!g	28	29
h	28	29
i	28	29
j	28	29
k	28	29
!l	28	29
!m	28	29
!f	29	30
g	29	30
h	29	30
i	29	30
j	29	30
k	29	30
!l	29	30
!m	29	30
f	30	31
!g	30	31
!h	30	31
!i	30	31
!j	30	31
!k	30	31
l	30	31
!m	30	31
!f	31	32
g	31	32
h	31	32
!i	31	32
!j	31	32
!k	31	32
l	31	32
!m	31	32
f	32	33
!g	32	33
!h	32	33
i	32	33
!j	32	33
!k	32	33
l	32	33
!m	32	33
!f	33	34
g	33	34
!h	33	34
i	33	34
!j	33	34
!k	33	34
l	33	34
!m	33	34
f	34	35
g	34	35
!h	34	35
i	34	35
!j	34	35
!k	34	35
l	34	35
!m	34	35
!f	35	36
!g	35	36
h	35	36
i	35	36
!j	35	36
!k	35	36
l	35	36
!m	35	36
!f	36	37
g	36	37
h	36	37
i	36	37
!j	36	37
!k	36	37
l	36	37
!m	36	37
f	37	38
g	37	38
h	37	38
i	37	38
!j	37	38
!k	37	38
l	37	38
!m	37	38
!f	38	39
!g	38	39
!h	38	39
!i	38	39
j	38	39
!k	38	39
l	38	39
!m	38	39
f	39	40
!g	39	40
!h	39	40
!i	39	40
j	39	40
!k	39	40
l	39	40
!m	39	40
!f	40	41
!g	40	41
h	40	41
!i	40	41
j	40	41
!k	40	41
l	40	41
!m	40	41
f	41	42
!g	41	42
h	41	42
!i	41	42
j	41	42
!k	41	42
l	41	42
!m	41	42
!f	42	43
!g	42	43
!h	42	43
i	42	43
j	42	43
!k	42	43
l	42	43
!m	42	43
f	43	44
!g	43	44
!h	43	44
i	43	44
j	43	44
!k	43	44
l	43	44
!m	43	44
!f	44	45
g	44	45
!h	44	45
i	44	45
j	44	45
!k	44	45
l	44	45
!m	44	45
f	45	46
g	45	46
!h	45	46
i	45	46
j	45	46
!k	45	46
l	45	46
!m	45	46
!f	46	47
!g	46	47
h	46	47
i	46	47
j	46	47
!k	46	47
l	46	47
!m	46	47
f	47	48
!g	47	48
!h	47	48
!i	47	48
!j	47	48
k	47	48
l	47	48
!m	47	48
!f	48	49
!g	48	49
h	48	49
!i	48	49
!j	48	49
k	48	49
l	48	49
!m	48	49
!f	49	50
g	49	50
h	49	50
!i	49	50
!j	49	50
k	49	50
l	49	50
!m	49	50
!f	50	51
!g	50	51
!h	50	51
i	50	51
!j	50	51
k	50	51
l	50	51
!m	50	51
f	51	52
!g	51	52
!h	51	52
i	51	52
!j	51	52
k	51	52
l	51	52
!m	51	52
!f	52	53
g	52	53
!h	52	53
i	52	53
!j	52	53
k	52	53
l	52	53
!m	52	53
f	53	54
g	53	54
!h	53	54
i	53	54
!j	53	54
k	53	54
l	53	54
!m	53	54
!f	54	55
!g	54	55
h	54	55
i	54	55
!j	54	55
k	54	55
l	54	55
!m	54	55
f	55	56
!g	55	56
h	55	56
i	55	56
!j	55	56
k	55	56
l	55	56
!m	55	56
!f	56	57
g	56	57
h	56	57
i	56	57
!j	56	57
k	56	57
l	56	57
!m	56	57
f	57	58
g	57	58
!h	57	58
!i	57	58
j	57	58
k	57	58
l	57	58
!m	57	58
f	58	59
!g	58	59
h	58	59
!i	58	59
j	58	59
k	58	59
l	58	59
!m	58	59
!f	59	60
g	59	60
h	59	60
!i	59	60
j	59	60
k	59	60
l	59	60
!m	59	60
!f	60	61
!g	60	61
!h	60	61
i	60	61
j	60	61
k	60	61
l	60	61
!m	60	61
f	61	62
!g	61	62
!h	61	62
i	61	62
j	61	62
k	61	62
l	61	62
!m	61	62
!f	62	63
!g	62	63
h	62	63
i	62	63
j	62	63
k	62	63
l	62	63
!m	62	63
!f	63	64
g	63	64
h	63	64
i	63	64
j	63	64
k	63	64
l	63	64
!m	63	64
f	64	65
!g	64	65
!h	64	65
!i	64	65
!j	64	65
!k	64	65
!l	64	65
m	64	65
!f	65	66
g	65	66
!h	65	66
!i	65	66
!j	65	66
!k	65	66
!l	65	66
m	65	66
f	66	67
g	66	67
!h	66	67
!i	66	67
!j	66	67
!k	66	67
!l	66	67
m	66	67
f	67	68
g	67	68
h	67	68
!i	67	68
!j	67	68
!k	67	68
!l	67	68
m	67	68
!f	68	69
!g	68	69
!h	68	69
i	68	69
!j	68	69
!k	68	69
!l	68	69
m	68	69
!f	69	70
g	69	70
!h	69	70
i	69	70
!j	69	70
!k	69	70
!l	69	70
m	69	70
f	70	71
g	70	71
!h	70	71
i	70	71
!j	70	71
!k	70	71
!l	70	71
m	70	71
!f	71	72
!g	71	72
h	71	72
i	71	72
!j	71	72
!k	71	72
!l	71	72
m	71	72
f	72	73
!g	72	73
h	72	73
i	72	73
!j	72	73
!k	72	73
!l	72	73
m	72	73
!f	73	74
g	73	74
h	73	74
i	73	74
!j	73	74
!k	73	74
!l	73	74
m	73	74
!f	74	75
!g	74	75
!h	74	75
!i	74	75
j	74	75
!k	74	75
!l	74	75
m	74	75
!f	75	76
g	75	76
!h	75	76
!i	75	76
j	75	76
!k	75	76
!l	75	76
m	75	76
f	76	77
g	76	77
!h	76	77
!i	76	77
j	76	77
!k	76	77
!l	76	77
m	76	77
!f	77	78
!g	77	78
h	77	78
!i	77	78
j	77	78
!k	77	78
!l	77	78
m	77	78
!f	78	79
g	78	79
h	78	79
!i	78	79
j	78	79
!k	78	79
!l	78	79
m	78	79
f	79	80
g	79	80
h	79	80
!i	79	80
j	79	80
!k	79	80
!l	79	80
m	79	80
f	80	81
g	80	81
h	80	81
i	80	81
j	80	81
!k	80	81
!l	80	81
m	80	81
f	81	82
g	81	82
!h	81	82
!i	81	82
!j	81	82
k	81	82
!l	81	82
m	81	82
!f	82	83
!g	82	83
h	82	83
!i	82	83
!j	82	83
k	82	83
!l	82	83
m	82	83
f	83	84
!g	83	84
h	83	84
!i	83	84
!j	83	84
k	83	84
!l	83	84
m	83	84
!f	84	85
g	84	85
h	84	85
!i	84	85
!j	84	85
k	84	85
!l	84	85
m	84	85
f	85	86
!g	85	86
h	85	86
i	85	86
!j	85	86
k	85	86
!l	85	86
m	85	86
f	86	87
g	86	87
!h	86	87
!i	86	87
j	86	87
k	86	87
!l	86	87
m	86	87
!f	87	88
!g	87	88
h	87	88
!i	87	88
j	87	88
k	87	88
!l	87	88
m	87	88
f	88	89
!g	88	89
h	88	89
!i	88	89
j	88	89
k	88	89
!l	88	89
m	88	89
!f	89	90
g	89	90
h	89	90
!i	89	90
j	89	90
k	89	90
!l	89	90
m	89	90
f	90	91
g	90	91
h	90	91
!i	90	91
j	90	91
k	90	91
!l	90	91
m	90	91
f	91	92
g	91	92
!h	91	92
i	91	92
j	91	92
k	91	92
!l	91	92
m	91	92
!f	92	93
!g	92	93
h	92	93
i	92	93
j	92	93
k	92	93
!l	92	93
m	92	93
!f	93	94
g	93	94
!h	93	94
!i	93	94
!j	93	94
!k	93	94
l	93	94
m	93	94
f	94	95
g	94	95
!h	94	95
!i	94	95
!j	94	95
!k	94	95
l	94	95
m	94	95
!f	95	96
g	95	96
h	95	96
!i	95	96
!j	95	96
!k	95	96
l	95	96
m	95	96
f	96	97
!g	96	97
!h	96	97
i	96	97
!j	96	97
!k	96	97
l	96	97
m	96	97
!f	97	98
g	97	98
!h	97	98
i	97	98
!j	97	98
!k	97	98
l	97	98
m	97	98
!f	98	99
!g	98	99
h	98	99
i	98	99
!j	98	99
!k	98	99
l	98	99
m	98	99
f	99	100
!g	99	100
h	99	100
i	99	100
!j	99	100
!k	99	100
l	99	100
m	99	100
f	100	101
g	100	101
h	100	101
i	100	101
!j	100	101
!k	100	101
l	100	101
m	100	101
!f	101	102
g	101	102
!h	101	102
!i	101	102
j	101	102
!k	101	102
l	101	102
m	101	102
f	102	103
g	102	103
!h	102	103
!i	102	103
j	102	103
!k	102	103
l	102	103
m	102	103
!f	103	104
!g	103	104
h	103	104
!i	103	104
j	103	104
!k	103	104
l	103	104
m	103	104
f	104	105
!g	104	105
h	104	105
!i	104	105
j	104	105
!k	104	105
l	104	105
m	104	105
!f	105	106
g	105	106
h	105	106
!i	105	106
j	105	106
!k	105	106
l	105	106
m	105	106
f	106	107
g	106	107
h	106	107
!i	106	107
j	106	107
!k	106	107
l	106	107
m	106	107
f	107	108
!g	107	108
!h	107	108
i	107	108
j	107	108
!k	107	108
l	107	108
m	107	108
!f	108	109
g	108	109
!h	108	109
i	108	109
j	108	109
!k	108	109
l	108	109
m	108	109
!f	109	110
!g	109	110
h	109	110
i	109	110
j	109	110
!k	109	110
l	109	110
m	109	110
!f	110	111
g	110	111
h	110	111
i	110	111
j	110	111
!k	110	111
l	110	111
m	110	111
f	111	112
g	111	112
h	111	112
i	111	112
j	111	112
!k	111	112
l	111	112
m	111	112
!f	112	113
!g	112	113
!h	112	113
!i	112	113
!j	112	113
k	112	113
l	112	113
m	112	113
f	113	114
!g	113	114
!h	113	114
!i	113	114
!j	113	114
k	113	114
l	113	114
m	113	114
!f	114	115
g	114	115
!h	114	115
!i	114	115
!j	114	115
k	114	115
l	114	115
m	114	115
f	115	116
g	115	116
!h	115	116
!i	115	116
!j	115	116
k	115	116
l	115	116
m	115	116
!f	116	117
!g	116	117
h	116	117
!i	116	117
!j	116	117
k	116	117
l	116	117
m	116	117
f	117	118
g	117	118
h	117	118
!i	117	118
!j	117	118
k	117	118
l	117	118
m	117	118
f	118	119
!g	118	119
!h	118	119
i	118	119
!j	118	119
k	118	119
l	118	119
m	118	119
!f	119	120
g	119	120
!h	119	120
i	119	120
!j	119	120
k	119	120
l	119	120
m	119	120
f	120	121
g	120	121
!h	120	121
i	120	121
!j	120	121
k	120	121
l	120	121
m	120	121
f	121	122
!g	121	122
h	121	122
i	121	122
!j	121	122
k	121	122
l	121	122
m	121	122
!f	122	123
g	122	123
!h	122	123
!i	122	123
j	122	123
k	122	123
l	122	123
m	122	123
f	123	124
g	123	124
!h	123	124
!i	123	124
j	123	124
k	123	124
l	123	124
m	123	124
f	124	125
!g	124	125
h	124	125
!i	124	125
j	124	125
k	124	125
l	124	125
m	124	125
!f	125	126
g	125	126
h	125	126
!i	125	126
j	125	126
k	125	126
l	125	126
m	125	126
f	126	127
g	126	127
h	126	127
!i	126	127
j	126	127
k	126	127
l	126	127
m	126	127
f	127	128
!g	127	128
!h	127	128
i	127	128
j	127	128
k	127	128
l	127	128
m	127	128
!f	128	129
g	128	129
!h	128	129
i	128	129
j	128	129
k	128	129
l	128	129
m	128	129
!f	1	129
g	1	129
h	1	129
i	1	129
j	1	129
k	1	129
l	1	129
m	1	129
